<?xml version="1.0" encoding="UTF-8"?>
<robot generator="Robot 7.4.2 (Python 3.14.3 on win32)" generated="2026-04-06T17:24:26.994751" rpa="false" schemaversion="5">
<suite id="s1" name="Test" source="D:\Downloads\Anotações CTFL\cypress-cucumber-robot-tests\robot-project\test.robot">
<test id="s1-t1" name="Acessar Google com sucesso" line="5">
<kw name="Open Browser" owner="SeleniumLibrary">
<msg time="2026-04-06T17:24:27.244390" level="INFO">Opening browser 'chrome' to base url 'https://www.google.com'.</msg>
<arg>https://www.google.com</arg>
<arg>chrome</arg>
<doc>Opens a new browser instance to the optional ``url``.</doc>
<status status="PASS" start="2026-04-06T17:24:27.244184" elapsed="1.430516"/>
</kw>
<kw name="Page Should Contain" owner="SeleniumLibrary">
<msg time="2026-04-06T17:24:28.717749" level="INFO">Current page contains text 'Google'.</msg>
<arg>Google</arg>
<doc>Verifies that current page contains ``text``.</doc>
<status status="PASS" start="2026-04-06T17:24:28.675310" elapsed="0.042581"/>
</kw>
<kw name="Close Browser" owner="SeleniumLibrary">
<doc>Closes the current browser.</doc>
<status status="PASS" start="2026-04-06T17:24:28.718298" elapsed="2.284332"/>
</kw>
<status status="PASS" start="2026-04-06T17:24:27.243302" elapsed="3.759880"/>
</test>
<status status="PASS" start="2026-04-06T17:24:26.996266" elapsed="4.008265"/>
</suite>
<statistics>
<total>
<stat pass="1" fail="0" skip="0">All Tests</stat>
</total>
<tag>
</tag>
<suite>
<stat name="Test" id="s1" pass="1" fail="0" skip="0">Test</stat>
</suite>
</statistics>
<errors>
</errors>
</robot>
